Using pre-set license
Built from '2021.3/staging' branch; Version is '2021.3.23f1 (213b516bf396) revision 2177873'; Using compiler version '192829333'; Build Type 'Release'
OS: 'Windows 10  (10.0.19045) 64bit Core' Language: 'ru' Physical Memory: 15713 MB
BatchMode: 1, IsHumanControllingUs: 0, StartBugReporterOnCrash: 0, Is64bit: 1, IsPro: 1

COMMAND LINE ARGUMENTS:
C:\Program Files\Unity\Hub\Editor\2021.3.23f1\Editor\Unity.exe
-adb2
-batchMode
-noUpm
-name
AssetImportWorker0
-projectPath
C:/Users/hp/My project
-logFile
Logs/AssetImportWorker0.log
-srvPort
2482
Successfully changed project path to: C:/Users/hp/My project
C:/Users/hp/My project
[UnityMemory] Configuration Parameters - Can be set up in boot.config
    "memorysetup-bucket-allocator-granularity=16"
    "memorysetup-bucket-allocator-bucket-count=8"
    "memorysetup-bucket-allocator-block-size=33554432"
    "memorysetup-bucket-allocator-block-count=8"
    "memorysetup-main-allocator-block-size=16777216"
    "memorysetup-thread-allocator-block-size=16777216"
    "memorysetup-gfx-main-allocator-block-size=16777216"
    "memorysetup-gfx-thread-allocator-block-size=16777216"
    "memorysetup-cache-allocator-block-size=4194304"
    "memorysetup-typetree-allocator-block-size=2097152"
    "memorysetup-profiler-bucket-allocator-granularity=16"
    "memorysetup-profiler-bucket-allocator-bucket-count=8"
    "memorysetup-profiler-bucket-allocator-block-size=33554432"
    "memorysetup-profiler-bucket-allocator-block-count=8"
    "memorysetup-profiler-allocator-block-size=16777216"
    "memorysetup-profiler-editor-allocator-block-size=1048576"
    "memorysetup-temp-allocator-size-main=16777216"
    "memorysetup-job-temp-allocator-block-size=2097152"
    "memorysetup-job-temp-allocator-block-size-background=1048576"
    "memorysetup-job-temp-allocator-reduction-small-platforms=262144"
    "memorysetup-temp-allocator-size-background-worker=32768"
    "memorysetup-temp-allocator-size-job-worker=262144"
    "memorysetup-temp-allocator-size-preload-manager=33554432"
    "memorysetup-temp-allocator-size-nav-mesh-worker=65536"
    "memorysetup-temp-allocator-size-audio-worker=65536"
    "memorysetup-temp-allocator-size-cloud-worker=32768"
    "memorysetup-temp-allocator-size-gi-baking-worker=262144"
    "memorysetup-temp-allocator-size-gfx=262144"
Player connection [13528] Host "[IP] 192.168.1.64 [Port] 0 [Flags] 2 [Guid] 1647288960 [EditorId] 1647288960 [Version] 1048832 [Id] WindowsEditor(7,DESKTOP-NO1HDMI) [Debug] 1 [PackageName] WindowsEditor [ProjectName] Editor" joined multi-casting on [225.0.0.222:54997]...

Player connection [13528] Host "[IP] 192.168.1.64 [Port] 0 [Flags] 2 [Guid] 1647288960 [EditorId] 1647288960 [Version] 1048832 [Id] WindowsEditor(7,DESKTOP-NO1HDMI) [Debug] 1 [PackageName] WindowsEditor [ProjectName] Editor" joined alternative multi-casting on [225.0.0.222:34997]...

Refreshing native plugins compatible for Editor in 113.07 ms, found 3 plugins.
Preloading 0 native plugins for Editor in 0.00 ms.
Initialize engine version: 2021.3.23f1 (213b516bf396)
[Subsystems] Discovering subsystems at path C:/Program Files/Unity/Hub/Editor/2021.3.23f1/Editor/Data/Resources/UnitySubsystems
[Subsystems] Discovering subsystems at path C:/Users/hp/My project/Assets
GfxDevice: creating device client; threaded=0; jobified=0
Direct3D:
    Version:  Direct3D 11.0 [level 11.1]
    Renderer: AMD Radeon(TM) Graphics (ID=0x164c)
    Vendor:   ATI
    VRAM:     7856 MB
    Driver:   27.20.14032.8
Initialize mono
Mono path[0] = 'C:/Program Files/Unity/Hub/Editor/2021.3.23f1/Editor/Data/Managed'
Mono path[1] = 'C:/Program Files/Unity/Hub/Editor/2021.3.23f1/Editor/Data/MonoBleedingEdge/lib/mono/unityjit-win32'
Mono config path = 'C:/Program Files/Unity/Hub/Editor/2021.3.23f1/Editor/Data/MonoBleedingEdge/etc'
Using monoOptions --debugger-agent=transport=dt_socket,embedding=1,server=y,suspend=n,address=127.0.0.1:56744
Begin MonoManager ReloadAssembly
Registering precompiled unity dll's ...
Register platform support module: C:/Program Files/Unity/Hub/Editor/2021.3.23f1/Editor/Data/PlaybackEngines/WebGLSupport/UnityEditor.WebGL.Extensions.dll
Register platform support module: C:/Program Files/Unity/Hub/Editor/2021.3.23f1/Editor/Data/PlaybackEngines/WindowsStandaloneSupport/UnityEditor.WindowsStandalone.Extensions.dll
Registered in 0.014739 seconds.
Native extension for WindowsStandalone target not found
Native extension for WebGL target not found
Refreshing native plugins compatible for Editor in 98.23 ms, found 3 plugins.
Preloading 0 native plugins for Editor in 0.00 ms.
Mono: successfully reloaded assembly
- Completed reload, in  0.966 seconds
Domain Reload Profiling:
	ReloadAssembly (966ms)
		BeginReloadAssembly (180ms)
			ExecutionOrderSort (0ms)
			DisableScriptedObjects (0ms)
			BackupInstance (0ms)
			ReleaseScriptingObjects (0ms)
			CreateAndSetChildDomain (1ms)
		EndReloadAssembly (633ms)
			LoadAssemblies (177ms)
			RebuildTransferFunctionScriptingTraits (0ms)
			SetupTypeCache (154ms)
			ReleaseScriptCaches (0ms)
			RebuildScriptCaches (41ms)
			SetupLoadedEditorAssemblies (369ms)
				LogAssemblyErrors (0ms)
				InitializePlatformSupportModulesInManaged (14ms)
				SetLoadedEditorAssemblies (0ms)
				RefreshPlugins (98ms)
				BeforeProcessingInitializeOnLoad (1ms)
				ProcessInitializeOnLoadAttributes (181ms)
				ProcessInitializeOnLoadMethodAttributes (75ms)
				AfterProcessingInitializeOnLoad (0ms)
				EditorAssembliesLoaded (0ms)
			ExecutionOrderSort2 (0ms)
			AwakeInstancesAfterBackupRestoration (0ms)
Platform modules already initialized, skipping
Registering precompiled user dll's ...
Registered in 0.006026 seconds.
Begin MonoManager ReloadAssembly
Symbol file LoadedFromMemory doesn't match image C:\Users\hp\My project\Library\PackageCache\com.unity.visualscripting@1.8.0\Editor\VisualScripting.Core\Dependencies\YamlDotNet\Unity.VisualScripting.YamlDotNet.dll
Symbol file LoadedFromMemory doesn't match image C:\Users\hp\My project\Library\PackageCache\com.unity.visualscripting@1.8.0\Editor\VisualScripting.Core\Dependencies\DotNetZip\Unity.VisualScripting.IonicZip.dll
Native extension for WindowsStandalone target not found
Native extension for WebGL target not found
Refreshing native plugins compatible for Editor in 0.57 ms, found 3 plugins.
Preloading 0 native plugins for Editor in 0.00 ms.
Mono: successfully reloaded assembly
- Completed reload, in  1.575 seconds
Domain Reload Profiling:
	ReloadAssembly (1576ms)
		BeginReloadAssembly (191ms)
			ExecutionOrderSort (0ms)
			DisableScriptedObjects (10ms)
			BackupInstance (0ms)
			ReleaseScriptingObjects (0ms)
			CreateAndSetChildDomain (25ms)
		EndReloadAssembly (1216ms)
			LoadAssemblies (200ms)
			RebuildTransferFunctionScriptingTraits (0ms)
			SetupTypeCache (371ms)
			ReleaseScriptCaches (1ms)
			RebuildScriptCaches (92ms)
			SetupLoadedEditorAssemblies (532ms)
				LogAssemblyErrors (0ms)
				InitializePlatformSupportModulesInManaged (14ms)
				SetLoadedEditorAssemblies (1ms)
				RefreshPlugins (1ms)
				BeforeProcessingInitializeOnLoad (127ms)
				ProcessInitializeOnLoadAttributes (346ms)
				ProcessInitializeOnLoadMethodAttributes (32ms)
				AfterProcessingInitializeOnLoad (11ms)
				EditorAssembliesLoaded (0ms)
			ExecutionOrderSort2 (0ms)
			AwakeInstancesAfterBackupRestoration (8ms)
Platform modules already initialized, skipping
========================================================================
Worker process is ready to serve import requests
Launched and connected shader compiler UnityShaderCompiler.exe after 0.11 seconds
Refreshing native plugins compatible for Editor in 0.71 ms, found 3 plugins.
Preloading 0 native plugins for Editor in 0.00 ms.
Unloading 3046 Unused Serialized files (Serialized files now loaded: 0)
Unloading 24 unused Assets / (113.4 KB). Loaded Objects now: 3506.
Memory consumption went from 107.5 MB to 107.4 MB.
Total: 4.258700 ms (FindLiveObjects: 0.485500 ms CreateObjectMapping: 0.161000 ms MarkObjects: 3.466000 ms  DeleteObjects: 0.144500 ms)

AssetImportParameters requested are different than current active one (requested -> active):
  custom:video-decoder-ogg-theora: a1e56fd34408186e4bbccfd4996cb3dc -> 
  custom:container-muxer-webm: aa71ff27fc2769a1b78a27578f13a17b -> 
  custom:container-demuxer-webm: 4f35f7cbe854078d1ac9338744f61a02 -> 
  custom:video-encoder-webm-vp8: eb34c28f22e8b96e1ab97ce403110664 -> 
  custom:audio-encoder-webm-vorbis: bf7c407c2cedff20999df2af8eb42d56 -> 
  custom:framework-win-MediaFoundation: 216162199b28c13a410421893ffa2e32 -> 
  custom:container-demuxer-ogg: 62fdf1f143b41e24485cea50d1cbac27 -> 
  custom:video-decoder-webm-vp8: 9c59270c3fd7afecdb556c50c9e8de78 -> 
  custom:audio-decoder-ogg-vorbis: bf7c407c2cedff20999df2af8eb42d56 -> 
========================================================================
Received Import Request.
  Time since last request: 501912.367700 seconds.
  path: Assets/BoatMaterial 1.mat
  artifactKey: Guid(ea4158a512b56cb4283c3cf51400fc26) Importer(815301076,1909f56bfc062723c751e8b465ee728b)
Start importing Assets/BoatMaterial 1.mat using Guid(ea4158a512b56cb4283c3cf51400fc26) Importer(815301076,1909f56bfc062723c751e8b465ee728b)  -> (artifact id: '7359798c0564c9cfc1b85f7308a6d9dc') in 0.188106 seconds 
========================================================================
Received Import Request.
  Time since last request: 89.890556 seconds.
  path: Assets/Boat.prefab
  artifactKey: Guid(a4f823ece7a8e994dbe9171d451a7717) Importer(815301076,1909f56bfc062723c751e8b465ee728b)
Start importing Assets/Boat.prefab using Guid(a4f823ece7a8e994dbe9171d451a7717) Importer(815301076,1909f56bfc062723c751e8b465ee728b)  -> (artifact id: 'a6c80facabe102ce86980454e3fc34a2') in 0.030801 seconds 
========================================================================
Received Import Request.
  Time since last request: 125.234971 seconds.
  path: Assets/Boat.prefab
  artifactKey: Guid(a4f823ece7a8e994dbe9171d451a7717) Importer(815301076,1909f56bfc062723c751e8b465ee728b)
Start importing Assets/Boat.prefab using Guid(a4f823ece7a8e994dbe9171d451a7717) Importer(815301076,1909f56bfc062723c751e8b465ee728b)  -> (artifact id: '3bd0f61e4423879114142ab051e57556') in 0.011056 seconds 
========================================================================
Received Import Request.
  Time since last request: 813.492236 seconds.
  path: Assets/TrunkMaterial.mat
  artifactKey: Guid(02823e93605b10b4a9ad315b0ff76f39) Importer(815301076,1909f56bfc062723c751e8b465ee728b)
Start importing Assets/TrunkMaterial.mat using Guid(02823e93605b10b4a9ad315b0ff76f39) Importer(815301076,1909f56bfc062723c751e8b465ee728b)  -> (artifact id: '5385e70e1d8a1b469cac026ea8035ab4') in 0.017834 seconds 
========================================================================
Received Import Request.
  Time since last request: 78.298668 seconds.
  path: Assets/CrownMaterial.mat
  artifactKey: Guid(94437fc199724ac418609527d8c869b0) Importer(815301076,1909f56bfc062723c751e8b465ee728b)
Start importing Assets/CrownMaterial.mat using Guid(94437fc199724ac418609527d8c869b0) Importer(815301076,1909f56bfc062723c751e8b465ee728b)  -> (artifact id: '6639bf1bf9f4a32e9f88b049c099f7a6') in 0.014512 seconds 
========================================================================
Received Import Request.
  Time since last request: 171.549774 seconds.
  path: Assets/CrownMaterial.mat
  artifactKey: Guid(94437fc199724ac418609527d8c869b0) Importer(815301076,1909f56bfc062723c751e8b465ee728b)
Start importing Assets/CrownMaterial.mat using Guid(94437fc199724ac418609527d8c869b0) Importer(815301076,1909f56bfc062723c751e8b465ee728b)  -> (artifact id: 'e5e8890b5cb9d18821cf55851c01a565') in 0.026627 seconds 
========================================================================
Received Import Request.
  Time since last request: 1698.775171 seconds.
  path: Assets/HoopMaterial.mat
  artifactKey: Guid(7c0c1c18222a8de4881ca4757fe842a9) Importer(815301076,1909f56bfc062723c751e8b465ee728b)
Start importing Assets/HoopMaterial.mat using Guid(7c0c1c18222a8de4881ca4757fe842a9) Importer(815301076,1909f56bfc062723c751e8b465ee728b)  -> (artifact id: '5f41b36a2518891ec6c3e6c206aa19ce') in 0.020143 seconds 
========================================================================
Received Import Request.
  Time since last request: 74.130798 seconds.
  path: Assets/BarrellMaterial.mat
  artifactKey: Guid(2a88ccbae65b70544bc1395f388ba199) Importer(815301076,1909f56bfc062723c751e8b465ee728b)
Start importing Assets/BarrellMaterial.mat using Guid(2a88ccbae65b70544bc1395f388ba199) Importer(815301076,1909f56bfc062723c751e8b465ee728b)  -> (artifact id: '16290ab0ccc2ee504f04468312f5921c') in 0.016127 seconds 
========================================================================
Received Import Request.
  Time since last request: 564.474946 seconds.
  path: Assets/BarrellMaterial.mat
  artifactKey: Guid(2a88ccbae65b70544bc1395f388ba199) Importer(815301076,1909f56bfc062723c751e8b465ee728b)
Start importing Assets/BarrellMaterial.mat using Guid(2a88ccbae65b70544bc1395f388ba199) Importer(815301076,1909f56bfc062723c751e8b465ee728b)  -> (artifact id: '1bfa476a28454846e7174577e85a89f3') in 0.054882 seconds 
========================================================================
Received Import Request.
  Time since last request: 1466.739672 seconds.
  path: Assets/WallMaterial.mat
  artifactKey: Guid(502ff1b14a5b34544b862617da8bb5ef) Importer(815301076,1909f56bfc062723c751e8b465ee728b)
Start importing Assets/WallMaterial.mat using Guid(502ff1b14a5b34544b862617da8bb5ef) Importer(815301076,1909f56bfc062723c751e8b465ee728b)  -> (artifact id: 'b4023e3692872b6fa5b00d8a91921f24') in 0.022010 seconds 
========================================================================
Received Import Request.
  Time since last request: 368.745724 seconds.
  path: Assets/BottomBoxMaterial.mat
  artifactKey: Guid(01d84268a70e1514ebdb83d5f218a18b) Importer(815301076,1909f56bfc062723c751e8b465ee728b)
Start importing Assets/BottomBoxMaterial.mat using Guid(01d84268a70e1514ebdb83d5f218a18b) Importer(815301076,1909f56bfc062723c751e8b465ee728b)  -> (artifact id: '6dc8038a5300f435003b844254a24922') in 0.017431 seconds 
========================================================================
Received Import Request.
  Time since last request: 1171.051640 seconds.
  path: Assets/BoxMaterial.mat
  artifactKey: Guid(01d84268a70e1514ebdb83d5f218a18b) Importer(815301076,1909f56bfc062723c751e8b465ee728b)
Start importing Assets/BoxMaterial.mat using Guid(01d84268a70e1514ebdb83d5f218a18b) Importer(815301076,1909f56bfc062723c751e8b465ee728b)  -> (artifact id: '1dea4294960631896841a2050c389464') in 0.031039 seconds 
========================================================================
Received Import Request.
  Time since last request: 2859.917088 seconds.
  path: Assets/BenchMaterial.mat
  artifactKey: Guid(4cf4d30a8b6677344b5d3e2981407f84) Importer(815301076,1909f56bfc062723c751e8b465ee728b)
Start importing Assets/BenchMaterial.mat using Guid(4cf4d30a8b6677344b5d3e2981407f84) Importer(815301076,1909f56bfc062723c751e8b465ee728b)  -> (artifact id: '329e6c0f4b41ab8ea46b00ecdc3732e0') in 0.048108 seconds 
========================================================================
Received Import Request.
  Time since last request: 558.772317 seconds.
  path: Assets/BenchMaterial.mat
  artifactKey: Guid(4cf4d30a8b6677344b5d3e2981407f84) Importer(815301076,1909f56bfc062723c751e8b465ee728b)
Start importing Assets/BenchMaterial.mat using Guid(4cf4d30a8b6677344b5d3e2981407f84) Importer(815301076,1909f56bfc062723c751e8b465ee728b)  -> (artifact id: '2a55bf01df2b4b5f4779106549ebc959') in 0.020897 seconds 
========================================================================
Received Import Request.
  Time since last request: 1437.464628 seconds.
  path: Assets/AirshipMaterial.mat
  artifactKey: Guid(d0b76f69a4bdc924a983315d2d077399) Importer(815301076,1909f56bfc062723c751e8b465ee728b)
Start importing Assets/AirshipMaterial.mat using Guid(d0b76f69a4bdc924a983315d2d077399) Importer(815301076,1909f56bfc062723c751e8b465ee728b)  -> (artifact id: 'b891e7cfdbcadbf439c142bd19fd3d92') in 0.019747 seconds 
========================================================================
Received Import Request.
  Time since last request: 86.954476 seconds.
  path: Assets/BodyAirshipMaterial.mat
  artifactKey: Guid(d0b76f69a4bdc924a983315d2d077399) Importer(815301076,1909f56bfc062723c751e8b465ee728b)
Start importing Assets/BodyAirshipMaterial.mat using Guid(d0b76f69a4bdc924a983315d2d077399) Importer(815301076,1909f56bfc062723c751e8b465ee728b)  -> (artifact id: '2cfd5458d5365dde810dadef32cba16e') in 0.018343 seconds 
========================================================================
Received Import Request.
  Time since last request: 833.190348 seconds.
  path: Assets/WindowMaterial.mat
  artifactKey: Guid(cbb2f0d379e12384ab521ea635aa5445) Importer(815301076,1909f56bfc062723c751e8b465ee728b)
Start importing Assets/WindowMaterial.mat using Guid(cbb2f0d379e12384ab521ea635aa5445) Importer(815301076,1909f56bfc062723c751e8b465ee728b)  -> (artifact id: '706058ce842f5aa993b2cd0bd3a6aaf5') in 0.065767 seconds 
========================================================================
Received Import Request.
  Time since last request: 49.918518 seconds.
  path: Assets/HouseMaterial.mat
  artifactKey: Guid(522345b04f92be64a99d3ae4adc89f5b) Importer(815301076,1909f56bfc062723c751e8b465ee728b)
Start importing Assets/HouseMaterial.mat using Guid(522345b04f92be64a99d3ae4adc89f5b) Importer(815301076,1909f56bfc062723c751e8b465ee728b)  -> (artifact id: '192f3aa6863bc4bc2a0e2fc9cdaf5fda') in 0.021644 seconds 
========================================================================
Received Import Request.
  Time since last request: 36.899963 seconds.
  path: Assets/RoofMaterial.mat
  artifactKey: Guid(1d74073b9ff38b04c8f592fcd649bec4) Importer(815301076,1909f56bfc062723c751e8b465ee728b)
Start importing Assets/RoofMaterial.mat using Guid(1d74073b9ff38b04c8f592fcd649bec4) Importer(815301076,1909f56bfc062723c751e8b465ee728b)  -> (artifact id: 'e11f697c8ade4728bfd3bdeef8ff8f14') in 0.016128 seconds 
========================================================================
Received Import Request.
  Time since last request: 35.513041 seconds.
  path: Assets/DoorMaterial.mat
  artifactKey: Guid(50523c0bf37c346439f8b27e9f93436a) Importer(815301076,1909f56bfc062723c751e8b465ee728b)
Start importing Assets/DoorMaterial.mat using Guid(50523c0bf37c346439f8b27e9f93436a) Importer(815301076,1909f56bfc062723c751e8b465ee728b)  -> (artifact id: 'e39d5dee4b4670b4b69439ca5d7288e9') in 0.015367 seconds 
========================================================================
Received Import Request.
  Time since last request: 321.611495 seconds.
  path: Assets/DoorMaterial.mat
  artifactKey: Guid(50523c0bf37c346439f8b27e9f93436a) Importer(815301076,1909f56bfc062723c751e8b465ee728b)
Start importing Assets/DoorMaterial.mat using Guid(50523c0bf37c346439f8b27e9f93436a) Importer(815301076,1909f56bfc062723c751e8b465ee728b)  -> (artifact id: 'c3ce99a6ac525648c8c06243ae7a8354') in 0.035961 seconds 
========================================================================
Received Import Request.
  Time since last request: 0.000035 seconds.
  path: Assets/WindowMaterial.mat
  artifactKey: Guid(cbb2f0d379e12384ab521ea635aa5445) Importer(815301076,1909f56bfc062723c751e8b465ee728b)
Start importing Assets/WindowMaterial.mat using Guid(cbb2f0d379e12384ab521ea635aa5445) Importer(815301076,1909f56bfc062723c751e8b465ee728b)  -> (artifact id: 'cb198c6e338c53ede2087de8c2543454') in 0.277579 seconds 
========================================================================
Received Import Request.
  Time since last request: 56.560079 seconds.
  path: Assets/DoorMaterial.mat
  artifactKey: Guid(50523c0bf37c346439f8b27e9f93436a) Importer(815301076,1909f56bfc062723c751e8b465ee728b)
Start importing Assets/DoorMaterial.mat using Guid(50523c0bf37c346439f8b27e9f93436a) Importer(815301076,1909f56bfc062723c751e8b465ee728b)  -> (artifact id: '9fb2169beb2442fb64c34c3b24d24615') in 0.021965 seconds 
========================================================================
Received Import Request.
  Time since last request: 1020.322243 seconds.
  path: Assets/WindowMaterial.mat
  artifactKey: Guid(cbb2f0d379e12384ab521ea635aa5445) Importer(815301076,1909f56bfc062723c751e8b465ee728b)
Start importing Assets/WindowMaterial.mat using Guid(cbb2f0d379e12384ab521ea635aa5445) Importer(815301076,1909f56bfc062723c751e8b465ee728b)  -> (artifact id: '6c86aef21a29158bd01e80be2ffa39ef') in 0.240470 seconds 
