Using pre-set license
Built from '2021.3/staging' branch; Version is '2021.3.23f1 (213b516bf396) revision 2177873'; Using compiler version '192829333'; Build Type 'Release'
OS: 'Windows 10  (10.0.19045) 64bit Core' Language: 'ru' Physical Memory: 15713 MB
BatchMode: 1, IsHumanControllingUs: 0, StartBugReporterOnCrash: 0, Is64bit: 1, IsPro: 1

COMMAND LINE ARGUMENTS:
C:\Program Files\Unity\Hub\Editor\2021.3.23f1\Editor\Unity.exe
-adb2
-batchMode
-noUpm
-name
AssetImportWorker1
-projectPath
C:/Users/hp/My project
-logFile
Logs/AssetImportWorker1.log
-srvPort
2482
Successfully changed project path to: C:/Users/hp/My project
C:/Users/hp/My project
[UnityMemory] Configuration Parameters - Can be set up in boot.config
    "memorysetup-bucket-allocator-granularity=16"
    "memorysetup-bucket-allocator-bucket-count=8"
    "memorysetup-bucket-allocator-block-size=33554432"
    "memorysetup-bucket-allocator-block-count=8"
    "memorysetup-main-allocator-block-size=16777216"
    "memorysetup-thread-allocator-block-size=16777216"
    "memorysetup-gfx-main-allocator-block-size=16777216"
    "memorysetup-gfx-thread-allocator-block-size=16777216"
    "memorysetup-cache-allocator-block-size=4194304"
    "memorysetup-typetree-allocator-block-size=2097152"
    "memorysetup-profiler-bucket-allocator-granularity=16"
    "memorysetup-profiler-bucket-allocator-bucket-count=8"
    "memorysetup-profiler-bucket-allocator-block-size=33554432"
    "memorysetup-profiler-bucket-allocator-block-count=8"
    "memorysetup-profiler-allocator-block-size=16777216"
    "memorysetup-profiler-editor-allocator-block-size=1048576"
    "memorysetup-temp-allocator-size-main=16777216"
    "memorysetup-job-temp-allocator-block-size=2097152"
    "memorysetup-job-temp-allocator-block-size-background=1048576"
    "memorysetup-job-temp-allocator-reduction-small-platforms=262144"
    "memorysetup-temp-allocator-size-background-worker=32768"
    "memorysetup-temp-allocator-size-job-worker=262144"
    "memorysetup-temp-allocator-size-preload-manager=33554432"
    "memorysetup-temp-allocator-size-nav-mesh-worker=65536"
    "memorysetup-temp-allocator-size-audio-worker=65536"
    "memorysetup-temp-allocator-size-cloud-worker=32768"
    "memorysetup-temp-allocator-size-gi-baking-worker=262144"
    "memorysetup-temp-allocator-size-gfx=262144"
Player connection [1696] Host "[IP] 192.168.1.64 [Port] 0 [Flags] 2 [Guid] 2020213130 [EditorId] 2020213130 [Version] 1048832 [Id] WindowsEditor(7,DESKTOP-NO1HDMI) [Debug] 1 [PackageName] WindowsEditor [ProjectName] Editor" joined multi-casting on [225.0.0.222:54997]...

Player connection [1696] Host "[IP] 192.168.1.64 [Port] 0 [Flags] 2 [Guid] 2020213130 [EditorId] 2020213130 [Version] 1048832 [Id] WindowsEditor(7,DESKTOP-NO1HDMI) [Debug] 1 [PackageName] WindowsEditor [ProjectName] Editor" joined alternative multi-casting on [225.0.0.222:34997]...

Refreshing native plugins compatible for Editor in 110.69 ms, found 3 plugins.
Preloading 0 native plugins for Editor in 0.00 ms.
Initialize engine version: 2021.3.23f1 (213b516bf396)
[Subsystems] Discovering subsystems at path C:/Program Files/Unity/Hub/Editor/2021.3.23f1/Editor/Data/Resources/UnitySubsystems
[Subsystems] Discovering subsystems at path C:/Users/hp/My project/Assets
GfxDevice: creating device client; threaded=0; jobified=0
Direct3D:
    Version:  Direct3D 11.0 [level 11.1]
    Renderer: AMD Radeon(TM) Graphics (ID=0x164c)
    Vendor:   ATI
    VRAM:     7856 MB
    Driver:   27.20.14032.8
Initialize mono
Mono path[0] = 'C:/Program Files/Unity/Hub/Editor/2021.3.23f1/Editor/Data/Managed'
Mono path[1] = 'C:/Program Files/Unity/Hub/Editor/2021.3.23f1/Editor/Data/MonoBleedingEdge/lib/mono/unityjit-win32'
Mono config path = 'C:/Program Files/Unity/Hub/Editor/2021.3.23f1/Editor/Data/MonoBleedingEdge/etc'
Using monoOptions --debugger-agent=transport=dt_socket,embedding=1,server=y,suspend=n,address=127.0.0.1:56576
Begin MonoManager ReloadAssembly
Registering precompiled unity dll's ...
Register platform support module: C:/Program Files/Unity/Hub/Editor/2021.3.23f1/Editor/Data/PlaybackEngines/WebGLSupport/UnityEditor.WebGL.Extensions.dll
Register platform support module: C:/Program Files/Unity/Hub/Editor/2021.3.23f1/Editor/Data/PlaybackEngines/WindowsStandaloneSupport/UnityEditor.WindowsStandalone.Extensions.dll
Registered in 0.010715 seconds.
Native extension for WindowsStandalone target not found
Native extension for WebGL target not found
Refreshing native plugins compatible for Editor in 99.47 ms, found 3 plugins.
Preloading 0 native plugins for Editor in 0.00 ms.
Mono: successfully reloaded assembly
- Completed reload, in  0.965 seconds
Domain Reload Profiling:
	ReloadAssembly (966ms)
		BeginReloadAssembly (181ms)
			ExecutionOrderSort (0ms)
			DisableScriptedObjects (0ms)
			BackupInstance (0ms)
			ReleaseScriptingObjects (0ms)
			CreateAndSetChildDomain (1ms)
		EndReloadAssembly (632ms)
			LoadAssemblies (178ms)
			RebuildTransferFunctionScriptingTraits (0ms)
			SetupTypeCache (156ms)
			ReleaseScriptCaches (0ms)
			RebuildScriptCaches (39ms)
			SetupLoadedEditorAssemblies (368ms)
				LogAssemblyErrors (0ms)
				InitializePlatformSupportModulesInManaged (13ms)
				SetLoadedEditorAssemblies (0ms)
				RefreshPlugins (100ms)
				BeforeProcessingInitializeOnLoad (1ms)
				ProcessInitializeOnLoadAttributes (179ms)
				ProcessInitializeOnLoadMethodAttributes (75ms)
				AfterProcessingInitializeOnLoad (0ms)
				EditorAssembliesLoaded (0ms)
			ExecutionOrderSort2 (0ms)
			AwakeInstancesAfterBackupRestoration (0ms)
Platform modules already initialized, skipping
Registering precompiled user dll's ...
Registered in 0.006634 seconds.
Begin MonoManager ReloadAssembly
Symbol file LoadedFromMemory doesn't match image C:\Users\hp\My project\Library\PackageCache\com.unity.visualscripting@1.8.0\Editor\VisualScripting.Core\Dependencies\YamlDotNet\Unity.VisualScripting.YamlDotNet.dll
Symbol file LoadedFromMemory doesn't match image C:\Users\hp\My project\Library\PackageCache\com.unity.visualscripting@1.8.0\Editor\VisualScripting.Core\Dependencies\DotNetZip\Unity.VisualScripting.IonicZip.dll
Native extension for WindowsStandalone target not found
Native extension for WebGL target not found
Refreshing native plugins compatible for Editor in 0.69 ms, found 3 plugins.
Preloading 0 native plugins for Editor in 0.00 ms.
Mono: successfully reloaded assembly
- Completed reload, in  1.567 seconds
Domain Reload Profiling:
	ReloadAssembly (1568ms)
		BeginReloadAssembly (191ms)
			ExecutionOrderSort (0ms)
			DisableScriptedObjects (9ms)
			BackupInstance (0ms)
			ReleaseScriptingObjects (0ms)
			CreateAndSetChildDomain (24ms)
		EndReloadAssembly (1208ms)
			LoadAssemblies (200ms)
			RebuildTransferFunctionScriptingTraits (0ms)
			SetupTypeCache (370ms)
			ReleaseScriptCaches (1ms)
			RebuildScriptCaches (92ms)
			SetupLoadedEditorAssemblies (520ms)
				LogAssemblyErrors (0ms)
				InitializePlatformSupportModulesInManaged (12ms)
				SetLoadedEditorAssemblies (1ms)
				RefreshPlugins (1ms)
				BeforeProcessingInitializeOnLoad (122ms)
				ProcessInitializeOnLoadAttributes (340ms)
				ProcessInitializeOnLoadMethodAttributes (33ms)
				AfterProcessingInitializeOnLoad (10ms)
				EditorAssembliesLoaded (0ms)
			ExecutionOrderSort2 (0ms)
			AwakeInstancesAfterBackupRestoration (9ms)
Platform modules already initialized, skipping
========================================================================
Worker process is ready to serve import requests
Launched and connected shader compiler UnityShaderCompiler.exe after 0.10 seconds
Refreshing native plugins compatible for Editor in 0.71 ms, found 3 plugins.
Preloading 0 native plugins for Editor in 0.00 ms.
Unloading 3046 Unused Serialized files (Serialized files now loaded: 0)
Unloading 24 unused Assets / (113.4 KB). Loaded Objects now: 3506.
Memory consumption went from 107.5 MB to 107.4 MB.
Total: 4.004600 ms (FindLiveObjects: 0.421700 ms CreateObjectMapping: 0.146400 ms MarkObjects: 3.276300 ms  DeleteObjects: 0.155900 ms)

AssetImportParameters requested are different than current active one (requested -> active):
  custom:video-decoder-ogg-theora: a1e56fd34408186e4bbccfd4996cb3dc -> 
  custom:container-muxer-webm: aa71ff27fc2769a1b78a27578f13a17b -> 
  custom:container-demuxer-webm: 4f35f7cbe854078d1ac9338744f61a02 -> 
  custom:video-encoder-webm-vp8: eb34c28f22e8b96e1ab97ce403110664 -> 
  custom:audio-encoder-webm-vorbis: bf7c407c2cedff20999df2af8eb42d56 -> 
  custom:framework-win-MediaFoundation: 216162199b28c13a410421893ffa2e32 -> 
  custom:container-demuxer-ogg: 62fdf1f143b41e24485cea50d1cbac27 -> 
  custom:video-decoder-webm-vp8: 9c59270c3fd7afecdb556c50c9e8de78 -> 
  custom:audio-decoder-ogg-vorbis: bf7c407c2cedff20999df2af8eb42d56 -> 
========================================================================
Received Import Request.
  Time since last request: 501912.367728 seconds.
  path: Assets/Boat.prefab
  artifactKey: Guid(a4f823ece7a8e994dbe9171d451a7717) Importer(815301076,1909f56bfc062723c751e8b465ee728b)
Start importing Assets/Boat.prefab using Guid(a4f823ece7a8e994dbe9171d451a7717) Importer(815301076,1909f56bfc062723c751e8b465ee728b)  -> (artifact id: '7043292315038a223a67ae866078b5cd') in 0.188280 seconds 
========================================================================
Received Import Request.
  Time since last request: 89.890418 seconds.
  path: Assets/BottomMaterial.mat
  artifactKey: Guid(6cde1005b7f00dc48bb993f9f9f9e551) Importer(815301076,1909f56bfc062723c751e8b465ee728b)
Start importing Assets/BottomMaterial.mat using Guid(6cde1005b7f00dc48bb993f9f9f9e551) Importer(815301076,1909f56bfc062723c751e8b465ee728b)  -> (artifact id: '5eb5b2953c74aef7668021c74e5d760f') in 0.040258 seconds 
========================================================================
Received Import Request.
  Time since last request: 125.225721 seconds.
  path: Assets/BottomBoatMaterial.mat
  artifactKey: Guid(6cde1005b7f00dc48bb993f9f9f9e551) Importer(815301076,1909f56bfc062723c751e8b465ee728b)
Start importing Assets/BottomBoatMaterial.mat using Guid(6cde1005b7f00dc48bb993f9f9f9e551) Importer(815301076,1909f56bfc062723c751e8b465ee728b)  -> (artifact id: '0e0abe1d73481176392c07df718bc0ad') in 0.015736 seconds 
========================================================================
Received Import Request.
  Time since last request: 1063.381085 seconds.
  path: Assets/TrunkMaterial.mat
  artifactKey: Guid(02823e93605b10b4a9ad315b0ff76f39) Importer(815301076,1909f56bfc062723c751e8b465ee728b)
Start importing Assets/TrunkMaterial.mat using Guid(02823e93605b10b4a9ad315b0ff76f39) Importer(815301076,1909f56bfc062723c751e8b465ee728b)  -> (artifact id: '8617a09f6bde1760219d0053890712d0') in 0.025278 seconds 
========================================================================
Received Import Request.
  Time since last request: 2337.433128 seconds.
  path: Assets/HoopMaterial.mat
  artifactKey: Guid(7c0c1c18222a8de4881ca4757fe842a9) Importer(815301076,1909f56bfc062723c751e8b465ee728b)
Start importing Assets/HoopMaterial.mat using Guid(7c0c1c18222a8de4881ca4757fe842a9) Importer(815301076,1909f56bfc062723c751e8b465ee728b)  -> (artifact id: '08b019bf2a69a8be5f79e9540ceb5e12') in 0.037281 seconds 
========================================================================
Received Import Request.
  Time since last request: 9227.162401 seconds.
  path: Assets/HouseMaterial.mat
  artifactKey: Guid(522345b04f92be64a99d3ae4adc89f5b) Importer(815301076,1909f56bfc062723c751e8b465ee728b)
Start importing Assets/HouseMaterial.mat using Guid(522345b04f92be64a99d3ae4adc89f5b) Importer(815301076,1909f56bfc062723c751e8b465ee728b)  -> (artifact id: '5e2b9dd74025473a48af1339568e548b') in 0.054112 seconds 
========================================================================
Received Import Request.
  Time since last request: 0.000088 seconds.
  path: Assets/RoofMaterial.mat
  artifactKey: Guid(1d74073b9ff38b04c8f592fcd649bec4) Importer(815301076,1909f56bfc062723c751e8b465ee728b)
Start importing Assets/RoofMaterial.mat using Guid(1d74073b9ff38b04c8f592fcd649bec4) Importer(815301076,1909f56bfc062723c751e8b465ee728b)  -> (artifact id: '815536c5af5f3c8f9219411d01a9edd1') in 0.027287 seconds 
